2025-03-25 23:28:22,918 : INFO : Start of Prediction
2025-03-25 23:28:22,918 : INFO : run_id:2025-03-25_232822_507162782
2025-03-25 23:28:22,918 : INFO : Start of Data Load, validation and transformation
2025-03-25 23:28:22,918 : INFO : Start of Archiving Old Rejected Files...
2025-03-25 23:28:22,918 : INFO : End of Archiving Old Rejected Files...
2025-03-25 23:28:22,918 : INFO : Start of Archiving Old Validated Files...
2025-03-25 23:28:22,919 : INFO : End of Archiving Old Validated Files...
2025-03-25 23:28:22,920 : INFO : Start of Archiving Old Processed Files...
2025-03-25 23:28:22,921 : INFO : End of Archiving Old Processed Files...
2025-03-25 23:28:22,922 : INFO : Start of Archiving Old Result Files...
2025-03-25 23:28:22,922 : INFO : End of Archiving Old Result Files...
2025-03-25 23:28:22,922 : INFO : Start of Reading values From Schema...
2025-03-25 23:28:22,923 : INFO : End of Reading values From Schema...
2025-03-25 23:28:22,923 : INFO : Start of Validating Column Length...
2025-03-25 23:28:22,930 : INFO : End of Validating Column Length...
2025-03-25 23:28:22,930 : INFO : Start of Validating Missing Values...
2025-03-25 23:28:22,936 : INFO : End of Validating Missing Values...
2025-03-25 23:28:22,936 : INFO : Start of Replacing Missing Values with NULL...
2025-03-25 23:28:22,943 : INFO : hr_employee_churn_data_predict3.csv: File Transformed successfully!!
2025-03-25 23:28:22,943 : INFO : End of Replacing Missing Values with NULL...
2025-03-25 23:28:22,943 : INFO : Start of Creating Table...
2025-03-25 23:28:22,947 : INFO : Opened prediction database successfully
2025-03-25 23:28:22,963 : INFO : CREATE TABLE prediction_raw_data_t column_name
2025-03-25 23:28:22,968 : INFO : ALTER TABLE prediction_raw_data_t ADD COLUMN
2025-03-25 23:28:22,973 : INFO : ALTER TABLE prediction_raw_data_t ADD COLUMN
2025-03-25 23:28:22,977 : INFO : ALTER TABLE prediction_raw_data_t ADD COLUMN
2025-03-25 23:28:22,981 : INFO : ALTER TABLE prediction_raw_data_t ADD COLUMN
2025-03-25 23:28:22,985 : INFO : ALTER TABLE prediction_raw_data_t ADD COLUMN
2025-03-25 23:28:22,990 : INFO : ALTER TABLE prediction_raw_data_t ADD COLUMN
2025-03-25 23:28:22,995 : INFO : ALTER TABLE prediction_raw_data_t ADD COLUMN
2025-03-25 23:28:23,000 : INFO : ALTER TABLE prediction_raw_data_t ADD COLUMN
2025-03-25 23:28:23,001 : INFO : End of Creating Table...
2025-03-25 23:28:23,001 : INFO : Opened prediction database successfully
2025-03-25 23:28:23,001 : INFO : Start of Inserting Data into Table...
2025-03-25 23:28:23,031 : INFO : End of Inserting Data into Table...
2025-03-25 23:28:23,032 : INFO : Start of Exporting Data into CSV...
2025-03-25 23:28:23,033 : INFO : Opened prediction database successfully
2025-03-25 23:28:23,034 : INFO : End of Exporting Data into CSV...
2025-03-25 23:28:23,035 : INFO : Start of Moving Processed Files...
2025-03-25 23:28:23,038 : INFO : Moved the already processed file hr_employee_churn_data_predict3.csv
2025-03-25 23:28:23,038 : INFO : End of Moving Processed Files...
2025-03-25 23:28:23,038 : INFO : End of Data Load, validation and transformation
2025-03-25 23:28:23,038 : INFO : Start of Preprocessing...
2025-03-25 23:28:23,038 : INFO : Start of reading dataset...
2025-03-25 23:28:23,047 : INFO : End of reading dataset...
2025-03-25 23:28:23,047 : INFO : Start of feature encoding...
2025-03-25 23:28:23,058 : INFO : End of feature encoding...
2025-03-25 23:28:23,058 : INFO : Start of Droping Columns...
2025-03-25 23:28:23,060 : INFO : End of Droping Columns...
2025-03-25 23:28:23,061 : INFO : Start of finding missing values...
2025-03-25 23:28:23,061 : INFO : End of finding missing values...
2025-03-25 23:28:23,062 : INFO : Start of building final predictset...
2025-03-25 23:28:23,068 : INFO : End of building final predictset...
2025-03-25 23:28:23,068 : INFO : End of Preprocessing...
2025-03-25 23:28:23,068 : INFO : Start of Load Model
2025-03-25 23:28:23,068 : INFO : Model File KMeans loaded
2025-03-25 23:28:23,068 : INFO : End of Load Model
2025-03-25 23:28:23,143 : INFO : clusters loop started
2025-03-25 23:28:23,145 : INFO : Start of finding correct model
2025-03-25 23:28:23,145 : INFO : End of finding correct model
2025-03-25 23:28:23,145 : INFO : Start of Load Model
2025-03-25 23:28:23,145 : INFO : Model File XGBoost2 loaded
2025-03-25 23:28:23,145 : INFO : End of Load Model
2025-03-25 23:28:23,171 : INFO : clusters loop started
2025-03-25 23:28:23,172 : INFO : Start of finding correct model
2025-03-25 23:28:23,172 : INFO : End of finding correct model
2025-03-25 23:28:23,172 : INFO : Start of Load Model
2025-03-25 23:28:23,172 : INFO : Model File XGBoost2 loaded
2025-03-25 23:28:23,172 : INFO : End of Load Model
2025-03-25 23:28:23,192 : INFO : End of Prediction
