2025-03-27 00:53:25,296 : INFO : Start of Prediction
2025-03-27 00:53:25,296 : INFO : run_id:2025-03-27_005325_803344543
2025-03-27 00:53:25,296 : INFO : Start of Preprocessing...
2025-03-27 00:53:25,296 : INFO : Start of feature encoding...
2025-03-27 00:53:25,298 : INFO : End of feature encoding...
2025-03-27 00:53:25,299 : INFO : Start of Droping Columns...
2025-03-27 00:53:25,299 : INFO : End of Droping Columns...
2025-03-27 00:53:25,299 : INFO : Start of finding missing values...
2025-03-27 00:53:25,300 : INFO : End of finding missing values...
2025-03-27 00:53:25,300 : INFO : Start of building final predictset...
2025-03-27 00:53:25,304 : INFO : End of building final predictset...
2025-03-27 00:53:25,311 : INFO : End of Preprocessing...
2025-03-27 00:53:25,311 : INFO : Start of Load Model
2025-03-27 00:53:25,311 : INFO : Model File KMeans loaded
2025-03-27 00:53:25,311 : INFO : End of Load Model
2025-03-27 00:53:25,318 : INFO : clusters loop started
2025-03-27 00:53:25,319 : INFO : Start of finding correct model
2025-03-27 00:53:25,320 : INFO : End of finding correct model
2025-03-27 00:53:25,320 : INFO : Start of Load Model
2025-03-27 00:53:25,320 : INFO : Model File XGBoost2 loaded
2025-03-27 00:53:25,320 : INFO : End of Load Model
2025-03-27 00:53:25,327 : INFO : Shape of Data (1, 9)
2025-03-27 00:53:25,333 : INFO : Shape of Data None
2025-03-27 00:53:25,335 : INFO : Output : [0]
2025-03-27 00:53:25,335 : INFO : End of Prediction
