2025-03-27 00:33:06,242 : INFO : Start of Prediction
2025-03-27 00:33:06,242 : INFO : run_id:2025-03-27_003306_866012868
2025-03-27 00:33:06,243 : INFO : Start of Preprocessing...
2025-03-27 00:33:06,243 : INFO : Start of feature encoding...
2025-03-27 00:33:06,247 : INFO : End of feature encoding...
2025-03-27 00:33:06,249 : INFO : Start of Droping Columns...
2025-03-27 00:33:06,251 : INFO : End of Droping Columns...
2025-03-27 00:33:06,252 : INFO : Start of finding missing values...
2025-03-27 00:33:06,253 : INFO : End of finding missing values...
2025-03-27 00:33:06,254 : INFO : Start of building final predictset...
2025-03-27 00:33:06,263 : INFO : End of building final predictset...
2025-03-27 00:33:06,270 : INFO : End of Preprocessing...
2025-03-27 00:33:06,270 : INFO : Start of Load Model
2025-03-27 00:33:06,270 : INFO : Model File KMeans loaded
2025-03-27 00:33:06,270 : INFO : End of Load Model
2025-03-27 00:33:06,448 : INFO : clusters loop started
2025-03-27 00:33:06,449 : INFO : Start of finding correct model
2025-03-27 00:33:06,450 : INFO : End of finding correct model
2025-03-27 00:33:06,450 : INFO : Start of Load Model
2025-03-27 00:33:06,450 : INFO : Model File XGBoost2 loaded
2025-03-27 00:33:06,450 : INFO : End of Load Model
2025-03-27 00:33:06,470 : INFO : Shape of Data (1, 9)
2025-03-27 00:33:06,487 : INFO : Shape of Data None
2025-03-27 00:33:06,494 : INFO : Output : [0]
2025-03-27 00:33:06,494 : INFO : End of Prediction
