2025-03-26 22:56:52,653 : INFO : Start of Prediction
2025-03-26 22:56:52,653 : INFO : run_id:2025-03-26_225652_755658770
2025-03-26 22:56:52,653 : INFO : Start of Data Load, validation and transformation
2025-03-26 22:56:52,653 : INFO : Start of Archiving Old Rejected Files...
2025-03-26 22:56:52,653 : INFO : End of Archiving Old Rejected Files...
2025-03-26 22:56:52,654 : INFO : Start of Archiving Old Validated Files...
2025-03-26 22:56:52,658 : INFO : End of Archiving Old Validated Files...
2025-03-26 22:56:52,658 : INFO : Start of Archiving Old Processed Files...
2025-03-26 22:56:52,661 : INFO : End of Archiving Old Processed Files...
2025-03-26 22:56:52,662 : INFO : Start of Archiving Old Result Files...
2025-03-26 22:56:52,665 : INFO : End of Archiving Old Result Files...
2025-03-26 22:56:52,665 : INFO : Start of Reading values From Schema...
2025-03-26 22:56:52,678 : INFO : End of Reading values From Schema...
2025-03-26 22:56:52,678 : INFO : Start of Validating Column Length...
2025-03-26 22:56:52,696 : INFO : End of Validating Column Length...
2025-03-26 22:56:52,696 : INFO : Start of Validating Missing Values...
2025-03-26 22:56:52,700 : INFO : End of Validating Missing Values...
2025-03-26 22:56:52,700 : INFO : Start of Replacing Missing Values with NULL...
2025-03-26 22:56:52,708 : INFO : hr_employee_churn_data_predict3.csv: File Transformed successfully!!
2025-03-26 22:56:52,708 : INFO : End of Replacing Missing Values with NULL...
2025-03-26 22:56:52,708 : INFO : Start of Creating Table...
2025-03-26 22:56:52,715 : INFO : Opened prediction database successfully
2025-03-26 22:56:52,731 : INFO : CREATE TABLE prediction_raw_data_t column_name
2025-03-26 22:56:52,737 : INFO : ALTER TABLE prediction_raw_data_t ADD COLUMN
2025-03-26 22:56:52,741 : INFO : ALTER TABLE prediction_raw_data_t ADD COLUMN
2025-03-26 22:56:52,747 : INFO : ALTER TABLE prediction_raw_data_t ADD COLUMN
2025-03-26 22:56:52,751 : INFO : ALTER TABLE prediction_raw_data_t ADD COLUMN
2025-03-26 22:56:52,757 : INFO : ALTER TABLE prediction_raw_data_t ADD COLUMN
2025-03-26 22:56:52,762 : INFO : ALTER TABLE prediction_raw_data_t ADD COLUMN
2025-03-26 22:56:52,766 : INFO : ALTER TABLE prediction_raw_data_t ADD COLUMN
2025-03-26 22:56:52,772 : INFO : ALTER TABLE prediction_raw_data_t ADD COLUMN
2025-03-26 22:56:52,772 : INFO : End of Creating Table...
2025-03-26 22:56:52,773 : INFO : Opened prediction database successfully
2025-03-26 22:56:52,774 : INFO : Start of Inserting Data into Table...
2025-03-26 22:56:52,805 : INFO : End of Inserting Data into Table...
2025-03-26 22:56:52,805 : INFO : Start of Exporting Data into CSV...
2025-03-26 22:56:52,807 : INFO : Opened prediction database successfully
2025-03-26 22:56:52,808 : INFO : End of Exporting Data into CSV...
2025-03-26 22:56:52,808 : INFO : Start of Moving Processed Files...
2025-03-26 22:56:52,810 : INFO : Moved the already processed file hr_employee_churn_data_predict3.csv
2025-03-26 22:56:52,811 : INFO : End of Moving Processed Files...
2025-03-26 22:56:52,811 : INFO : End of Data Load, validation and transformation
2025-03-26 22:56:52,811 : INFO : Start of Preprocessing...
2025-03-26 22:56:52,811 : INFO : Start of reading dataset...
2025-03-26 22:56:52,823 : INFO : End of reading dataset...
2025-03-26 22:56:52,823 : INFO : Start of feature encoding...
2025-03-26 22:56:52,831 : INFO : End of feature encoding...
2025-03-26 22:56:52,831 : INFO : Start of Droping Columns...
2025-03-26 22:56:52,834 : INFO : End of Droping Columns...
2025-03-26 22:56:52,834 : INFO : Start of finding missing values...
2025-03-26 22:56:52,835 : INFO : End of finding missing values...
2025-03-26 22:56:52,835 : INFO : Start of building final predictset...
2025-03-26 22:56:52,878 : INFO : End of building final predictset...
2025-03-26 22:56:52,879 : INFO : End of Preprocessing...
2025-03-26 22:56:52,879 : INFO : Start of Load Model
2025-03-26 22:56:52,895 : INFO : Model File KMeans loaded
2025-03-26 22:56:52,896 : INFO : End of Load Model
2025-03-26 22:56:52,993 : INFO : clusters loop started
2025-03-26 22:56:52,996 : INFO : Start of finding correct model
2025-03-26 22:56:52,996 : INFO : End of finding correct model
2025-03-26 22:56:52,996 : INFO : Start of Load Model
2025-03-26 22:56:53,006 : INFO : Model File XGBoost2 loaded
2025-03-26 22:56:53,007 : INFO : End of Load Model
2025-03-26 22:56:53,037 : INFO : clusters loop started
2025-03-26 22:56:53,039 : INFO : Start of finding correct model
2025-03-26 22:56:53,040 : INFO : End of finding correct model
2025-03-26 22:56:53,040 : INFO : Start of Load Model
2025-03-26 22:56:53,040 : INFO : Model File XGBoost2 loaded
2025-03-26 22:56:53,040 : INFO : End of Load Model
2025-03-26 22:56:53,062 : INFO : End of Prediction
