2025-03-27 00:54:18,440 : INFO : Start of Prediction
2025-03-27 00:54:18,441 : INFO : run_id:2025-03-27_005418_897880874
2025-03-27 00:54:18,441 : INFO : Start of Preprocessing...
2025-03-27 00:54:18,441 : INFO : Start of feature encoding...
2025-03-27 00:54:18,442 : INFO : End of feature encoding...
2025-03-27 00:54:18,443 : INFO : Start of Droping Columns...
2025-03-27 00:54:18,443 : INFO : End of Droping Columns...
2025-03-27 00:54:18,444 : INFO : Start of finding missing values...
2025-03-27 00:54:18,444 : INFO : End of finding missing values...
2025-03-27 00:54:18,444 : INFO : Start of building final predictset...
2025-03-27 00:54:18,449 : INFO : End of building final predictset...
2025-03-27 00:54:18,454 : INFO : End of Preprocessing...
2025-03-27 00:54:18,455 : INFO : Start of Load Model
2025-03-27 00:54:18,455 : INFO : Model File KMeans loaded
2025-03-27 00:54:18,455 : INFO : End of Load Model
2025-03-27 00:54:18,460 : INFO : clusters loop started
2025-03-27 00:54:18,460 : INFO : Start of finding correct model
2025-03-27 00:54:18,460 : INFO : End of finding correct model
2025-03-27 00:54:18,461 : INFO : Start of Load Model
2025-03-27 00:54:18,461 : INFO : Model File XGBoost2 loaded
2025-03-27 00:54:18,461 : INFO : End of Load Model
2025-03-27 00:54:18,470 : INFO : Shape of Data (1, 9)
2025-03-27 00:54:18,474 : INFO : Shape of Data None
2025-03-27 00:54:18,477 : INFO : Output : [0]
2025-03-27 00:54:18,477 : INFO : End of Prediction
