2025-04-01 22:57:51,731 : INFO : Start of Prediction
2025-04-01 22:57:51,732 : INFO : run_id:2025-04-01_225751_854300971
2025-04-01 22:57:51,732 : INFO : Start of Preprocessing...
2025-04-01 22:57:51,732 : INFO : Start of feature encoding...
2025-04-01 22:57:51,736 : INFO : End of feature encoding...
2025-04-01 22:57:51,736 : INFO : Start of Droping Columns...
2025-04-01 22:57:51,739 : INFO : End of Droping Columns...
2025-04-01 22:57:51,740 : INFO : Start of finding missing values...
2025-04-01 22:57:51,742 : INFO : End of finding missing values...
2025-04-01 22:57:51,742 : INFO : Start of building final predictset...
2025-04-01 22:57:51,750 : INFO : End of building final predictset...
2025-04-01 22:57:51,750 : INFO : End of Preprocessing...
2025-04-01 22:57:51,750 : INFO : Start of Load Model
2025-04-01 22:57:51,753 : INFO : Model File KMeans loaded
2025-04-01 22:57:51,753 : INFO : End of Load Model
2025-04-01 22:57:51,907 : INFO : clusters loop started
2025-04-01 22:57:51,909 : INFO : Start of finding correct model
2025-04-01 22:57:51,909 : INFO : Exception raised while finding correct model'FileOperation' object has no attribute 'model_name'
2025-04-01 22:57:51,909 : ERROR : Unsuccessful End of Prediction
Traceback (most recent call last):
  File "D:\Major Project\Employee_Retention_ML-main\apps\core\file_operation.py", line 56, in correct_model
    self.model_name=self.model_name.split('.')[0]
                    ^^^^^^^^^^^^^^^
AttributeError: 'FileOperation' object has no attribute 'model_name'. Did you mean: 'folder_name'?

During handling of the above exception, another exception occurred:

Traceback (most recent call last):
  File "D:\Major Project\Employee_Retention_ML-main\apps\prediction\predict_model.py", line 65, in single_predict_from_model
    model_name = self.fileOperation.correct_model(i)
                 ^^^^^^^^^^^^^^^^^^^^^^^^^^^^^^^^^^^
  File "D:\Major Project\Employee_Retention_ML-main\apps\core\file_operation.py", line 61, in correct_model
    raise Exception()
Exception
