2025-03-28 00:11:09,707 : INFO : Start of Prediction
2025-03-28 00:11:09,707 : INFO : run_id:2025-03-28_001109_454413642
2025-03-28 00:11:09,707 : INFO : Start of Preprocessing...
2025-03-28 00:11:09,707 : INFO : Start of feature encoding...
2025-03-28 00:11:09,709 : INFO : End of feature encoding...
2025-03-28 00:11:09,710 : INFO : Start of Droping Columns...
2025-03-28 00:11:09,711 : INFO : End of Droping Columns...
2025-03-28 00:11:09,711 : INFO : Start of finding missing values...
2025-03-28 00:11:09,711 : INFO : End of finding missing values...
2025-03-28 00:11:09,711 : INFO : Start of building final predictset...
2025-03-28 00:11:09,719 : INFO : End of building final predictset...
2025-03-28 00:11:09,724 : INFO : End of Preprocessing...
2025-03-28 00:11:09,724 : INFO : Start of Load Model
2025-03-28 00:11:09,726 : INFO : Model File KMeans loaded
2025-03-28 00:11:09,726 : INFO : End of Load Model
2025-03-28 00:11:09,738 : INFO : clusters loop started
2025-03-28 00:11:09,742 : INFO : Start of finding correct model
2025-03-28 00:11:09,742 : INFO : End of finding correct model
2025-03-28 00:11:09,744 : INFO : Start of Load Model
2025-03-28 00:11:09,744 : INFO : Model File XGBoost2 loaded
2025-03-28 00:11:09,744 : INFO : End of Load Model
2025-03-28 00:11:09,751 : INFO : Shape of Data (1, 9)
2025-03-28 00:11:09,760 : INFO : Shape of Data None
2025-03-28 00:11:09,764 : INFO : Output : [0]
2025-03-28 00:11:09,764 : INFO : End of Prediction
