2025-03-27 23:46:02,926 : INFO : Start of Prediction
2025-03-27 23:46:02,926 : INFO : run_id:2025-03-27_234602_501941688
2025-03-27 23:46:02,926 : INFO : Start of Preprocessing...
2025-03-27 23:46:02,926 : INFO : Start of feature encoding...
2025-03-27 23:46:02,944 : INFO : End of feature encoding...
2025-03-27 23:46:02,944 : INFO : Start of Droping Columns...
2025-03-27 23:46:02,948 : INFO : End of Droping Columns...
2025-03-27 23:46:02,948 : INFO : Start of finding missing values...
2025-03-27 23:46:02,949 : INFO : End of finding missing values...
2025-03-27 23:46:02,949 : INFO : Start of building final predictset...
2025-03-27 23:46:02,985 : INFO : End of building final predictset...
2025-03-27 23:46:02,989 : INFO : End of Preprocessing...
2025-03-27 23:46:02,989 : INFO : Start of Load Model
2025-03-27 23:46:02,996 : INFO : Model File KMeans loaded
2025-03-27 23:46:02,996 : INFO : End of Load Model
2025-03-27 23:46:03,104 : INFO : clusters loop started
2025-03-27 23:46:03,106 : INFO : Start of finding correct model
2025-03-27 23:46:03,106 : INFO : End of finding correct model
2025-03-27 23:46:03,106 : INFO : Start of Load Model
2025-03-27 23:46:03,109 : INFO : Model File XGBoost2 loaded
2025-03-27 23:46:03,109 : INFO : End of Load Model
2025-03-27 23:46:03,125 : INFO : Shape of Data (1, 9)
2025-03-27 23:46:03,139 : INFO : Shape of Data None
2025-03-27 23:46:03,155 : INFO : Output : [0]
2025-03-27 23:46:03,155 : INFO : End of Prediction
