2025-03-27 00:54:17,880 : INFO : Start of Prediction
2025-03-27 00:54:17,880 : INFO : run_id:2025-03-27_005417_434181093
2025-03-27 00:54:17,880 : INFO : Start of Preprocessing...
2025-03-27 00:54:17,880 : INFO : Start of feature encoding...
2025-03-27 00:54:17,882 : INFO : End of feature encoding...
2025-03-27 00:54:17,882 : INFO : Start of Droping Columns...
2025-03-27 00:54:17,883 : INFO : End of Droping Columns...
2025-03-27 00:54:17,883 : INFO : Start of finding missing values...
2025-03-27 00:54:17,883 : INFO : End of finding missing values...
2025-03-27 00:54:17,884 : INFO : Start of building final predictset...
2025-03-27 00:54:17,887 : INFO : End of building final predictset...
2025-03-27 00:54:17,889 : INFO : End of Preprocessing...
2025-03-27 00:54:17,889 : INFO : Start of Load Model
2025-03-27 00:54:17,889 : INFO : Model File KMeans loaded
2025-03-27 00:54:17,889 : INFO : End of Load Model
2025-03-27 00:54:17,896 : INFO : clusters loop started
2025-03-27 00:54:17,896 : INFO : Start of finding correct model
2025-03-27 00:54:17,897 : INFO : End of finding correct model
2025-03-27 00:54:17,897 : INFO : Start of Load Model
2025-03-27 00:54:17,897 : INFO : Model File XGBoost2 loaded
2025-03-27 00:54:17,897 : INFO : End of Load Model
2025-03-27 00:54:17,905 : INFO : Shape of Data (1, 9)
2025-03-27 00:54:17,910 : INFO : Shape of Data None
2025-03-27 00:54:17,912 : INFO : Output : [0]
2025-03-27 00:54:17,912 : INFO : End of Prediction
