2025-03-28 00:12:02,024 : INFO : Start of Prediction
2025-03-28 00:12:02,024 : INFO : run_id:2025-03-28_001202_100079077
2025-03-28 00:12:02,025 : INFO : Start of Preprocessing...
2025-03-28 00:12:02,025 : INFO : Start of feature encoding...
2025-03-28 00:12:02,029 : INFO : End of feature encoding...
2025-03-28 00:12:02,030 : INFO : Start of Droping Columns...
2025-03-28 00:12:02,031 : INFO : End of Droping Columns...
2025-03-28 00:12:02,032 : INFO : Start of finding missing values...
2025-03-28 00:12:02,033 : INFO : End of finding missing values...
2025-03-28 00:12:02,033 : INFO : Start of building final predictset...
2025-03-28 00:12:02,039 : INFO : End of building final predictset...
2025-03-28 00:12:02,041 : INFO : End of Preprocessing...
2025-03-28 00:12:02,041 : INFO : Start of Load Model
2025-03-28 00:12:02,041 : INFO : Model File KMeans loaded
2025-03-28 00:12:02,041 : INFO : End of Load Model
2025-03-28 00:12:02,059 : INFO : clusters loop started
2025-03-28 00:12:02,060 : INFO : Start of finding correct model
2025-03-28 00:12:02,061 : INFO : End of finding correct model
2025-03-28 00:12:02,061 : INFO : Start of Load Model
2025-03-28 00:12:02,061 : INFO : Model File XGBoost2 loaded
2025-03-28 00:12:02,061 : INFO : End of Load Model
2025-03-28 00:12:02,071 : INFO : Shape of Data (1, 9)
2025-03-28 00:12:02,082 : INFO : Shape of Data None
2025-03-28 00:12:02,086 : INFO : Output : [0]
2025-03-28 00:12:02,087 : INFO : End of Prediction
