2025-03-27 00:54:18,144 : INFO : Start of Prediction
2025-03-27 00:54:18,144 : INFO : run_id:2025-03-27_005418_320088754
2025-03-27 00:54:18,144 : INFO : Start of Preprocessing...
2025-03-27 00:54:18,144 : INFO : Start of feature encoding...
2025-03-27 00:54:18,145 : INFO : End of feature encoding...
2025-03-27 00:54:18,146 : INFO : Start of Droping Columns...
2025-03-27 00:54:18,146 : INFO : End of Droping Columns...
2025-03-27 00:54:18,146 : INFO : Start of finding missing values...
2025-03-27 00:54:18,147 : INFO : End of finding missing values...
2025-03-27 00:54:18,147 : INFO : Start of building final predictset...
2025-03-27 00:54:18,152 : INFO : End of building final predictset...
2025-03-27 00:54:18,160 : INFO : End of Preprocessing...
2025-03-27 00:54:18,160 : INFO : Start of Load Model
2025-03-27 00:54:18,160 : INFO : Model File KMeans loaded
2025-03-27 00:54:18,160 : INFO : End of Load Model
2025-03-27 00:54:18,165 : INFO : clusters loop started
2025-03-27 00:54:18,166 : INFO : Start of finding correct model
2025-03-27 00:54:18,166 : INFO : End of finding correct model
2025-03-27 00:54:18,166 : INFO : Start of Load Model
2025-03-27 00:54:18,166 : INFO : Model File XGBoost2 loaded
2025-03-27 00:54:18,166 : INFO : End of Load Model
2025-03-27 00:54:18,175 : INFO : Shape of Data (1, 9)
2025-03-27 00:54:18,179 : INFO : Shape of Data None
2025-03-27 00:54:18,182 : INFO : Output : [0]
2025-03-27 00:54:18,182 : INFO : End of Prediction
