2025-03-27 00:54:07,860 : INFO : Start of Prediction
2025-03-27 00:54:07,860 : INFO : run_id:2025-03-27_005407_954453469
2025-03-27 00:54:07,860 : INFO : Start of Preprocessing...
2025-03-27 00:54:07,861 : INFO : Start of feature encoding...
2025-03-27 00:54:07,862 : INFO : End of feature encoding...
2025-03-27 00:54:07,862 : INFO : Start of Droping Columns...
2025-03-27 00:54:07,862 : INFO : End of Droping Columns...
2025-03-27 00:54:07,862 : INFO : Start of finding missing values...
2025-03-27 00:54:07,862 : INFO : End of finding missing values...
2025-03-27 00:54:07,863 : INFO : Start of building final predictset...
2025-03-27 00:54:07,867 : INFO : End of building final predictset...
2025-03-27 00:54:07,867 : INFO : End of Preprocessing...
2025-03-27 00:54:07,867 : INFO : Start of Load Model
2025-03-27 00:54:07,867 : INFO : Model File KMeans loaded
2025-03-27 00:54:07,867 : INFO : End of Load Model
2025-03-27 00:54:07,873 : INFO : clusters loop started
2025-03-27 00:54:07,873 : INFO : Start of finding correct model
2025-03-27 00:54:07,873 : INFO : End of finding correct model
2025-03-27 00:54:07,873 : INFO : Start of Load Model
2025-03-27 00:54:07,873 : INFO : Model File XGBoost2 loaded
2025-03-27 00:54:07,873 : INFO : End of Load Model
2025-03-27 00:54:07,880 : INFO : Shape of Data (1, 9)
2025-03-27 00:54:07,884 : INFO : Shape of Data None
2025-03-27 00:54:07,887 : INFO : Output : [0]
2025-03-27 00:54:07,887 : INFO : End of Prediction
