2025-03-27 00:53:11,248 : INFO : Start of Prediction
2025-03-27 00:53:11,248 : INFO : run_id:2025-03-27_005311_461173018
2025-03-27 00:53:11,248 : INFO : Start of Preprocessing...
2025-03-27 00:53:11,248 : INFO : Start of feature encoding...
2025-03-27 00:53:11,249 : INFO : End of feature encoding...
2025-03-27 00:53:11,250 : INFO : Start of Droping Columns...
2025-03-27 00:53:11,250 : INFO : End of Droping Columns...
2025-03-27 00:53:11,250 : INFO : Start of finding missing values...
2025-03-27 00:53:11,250 : INFO : End of finding missing values...
2025-03-27 00:53:11,250 : INFO : Start of building final predictset...
2025-03-27 00:53:11,255 : INFO : End of building final predictset...
2025-03-27 00:53:11,255 : INFO : End of Preprocessing...
2025-03-27 00:53:11,256 : INFO : Start of Load Model
2025-03-27 00:53:11,256 : INFO : Model File KMeans loaded
2025-03-27 00:53:11,256 : INFO : End of Load Model
2025-03-27 00:53:11,261 : INFO : clusters loop started
2025-03-27 00:53:11,262 : INFO : Start of finding correct model
2025-03-27 00:53:11,263 : INFO : End of finding correct model
2025-03-27 00:53:11,263 : INFO : Start of Load Model
2025-03-27 00:53:11,263 : INFO : Model File XGBoost2 loaded
2025-03-27 00:53:11,263 : INFO : End of Load Model
2025-03-27 00:53:11,270 : INFO : Shape of Data (1, 9)
2025-03-27 00:53:11,275 : INFO : Shape of Data None
2025-03-27 00:53:11,277 : INFO : Output : [0]
2025-03-27 00:53:11,278 : INFO : End of Prediction
