2025-03-26 23:45:52,434 : INFO : Start of Prediction
2025-03-26 23:45:52,434 : INFO : run_id:2025-03-26_234552_506885924
2025-03-26 23:45:52,434 : INFO : Start of Preprocessing...
2025-03-26 23:45:52,434 : INFO : Start of feature encoding...
2025-03-26 23:45:52,436 : INFO : End of feature encoding...
2025-03-26 23:45:52,440 : INFO : Start of Droping Columns...
2025-03-26 23:45:52,440 : INFO : End of Droping Columns...
2025-03-26 23:45:52,440 : INFO : Start of finding missing values...
2025-03-26 23:45:52,440 : INFO : End of finding missing values...
2025-03-26 23:45:52,440 : INFO : Start of building final predictset...
2025-03-26 23:45:52,448 : INFO : End of building final predictset...
2025-03-26 23:45:52,448 : INFO : End of Preprocessing...
2025-03-26 23:45:52,448 : INFO : Start of Load Model
2025-03-26 23:45:52,448 : INFO : Model File KMeans loaded
2025-03-26 23:45:52,448 : INFO : End of Load Model
2025-03-26 23:45:52,460 : INFO : clusters loop started
2025-03-26 23:45:52,466 : INFO : Start of finding correct model
2025-03-26 23:45:52,468 : INFO : End of finding correct model
2025-03-26 23:45:52,468 : INFO : Start of Load Model
2025-03-26 23:45:52,468 : INFO : Model File XGBoost2 loaded
2025-03-26 23:45:52,468 : INFO : End of Load Model
2025-03-26 23:45:52,474 : INFO : Shape of Data (1, 9)
2025-03-26 23:45:52,490 : INFO : Shape of Data None
2025-03-26 23:45:52,490 : INFO : Output : [0]
2025-03-26 23:45:52,490 : INFO : End of Prediction
