2025-03-27 00:53:28,428 : INFO : Start of Prediction
2025-03-27 00:53:28,430 : INFO : run_id:2025-03-27_005328_797759403
2025-03-27 00:53:28,430 : INFO : Start of Preprocessing...
2025-03-27 00:53:28,430 : INFO : Start of feature encoding...
2025-03-27 00:53:28,431 : INFO : End of feature encoding...
2025-03-27 00:53:28,431 : INFO : Start of Droping Columns...
2025-03-27 00:53:28,432 : INFO : End of Droping Columns...
2025-03-27 00:53:28,432 : INFO : Start of finding missing values...
2025-03-27 00:53:28,432 : INFO : End of finding missing values...
2025-03-27 00:53:28,432 : INFO : Start of building final predictset...
2025-03-27 00:53:28,437 : INFO : End of building final predictset...
2025-03-27 00:53:28,444 : INFO : End of Preprocessing...
2025-03-27 00:53:28,444 : INFO : Start of Load Model
2025-03-27 00:53:28,444 : INFO : Model File KMeans loaded
2025-03-27 00:53:28,444 : INFO : End of Load Model
2025-03-27 00:53:28,449 : INFO : clusters loop started
2025-03-27 00:53:28,450 : INFO : Start of finding correct model
2025-03-27 00:53:28,450 : INFO : End of finding correct model
2025-03-27 00:53:28,450 : INFO : Start of Load Model
2025-03-27 00:53:28,450 : INFO : Model File XGBoost2 loaded
2025-03-27 00:53:28,450 : INFO : End of Load Model
2025-03-27 00:53:28,458 : INFO : Shape of Data (1, 9)
2025-03-27 00:53:28,463 : INFO : Shape of Data None
2025-03-27 00:53:28,465 : INFO : Output : [0]
2025-03-27 00:53:28,465 : INFO : End of Prediction
