2025-03-27 00:53:23,963 : INFO : Start of Prediction
2025-03-27 00:53:23,963 : INFO : run_id:2025-03-27_005323_528029044
2025-03-27 00:53:23,963 : INFO : Start of Preprocessing...
2025-03-27 00:53:23,963 : INFO : Start of feature encoding...
2025-03-27 00:53:23,965 : INFO : End of feature encoding...
2025-03-27 00:53:23,965 : INFO : Start of Droping Columns...
2025-03-27 00:53:23,966 : INFO : End of Droping Columns...
2025-03-27 00:53:23,966 : INFO : Start of finding missing values...
2025-03-27 00:53:23,967 : INFO : End of finding missing values...
2025-03-27 00:53:23,967 : INFO : Start of building final predictset...
2025-03-27 00:53:23,971 : INFO : End of building final predictset...
2025-03-27 00:53:23,973 : INFO : End of Preprocessing...
2025-03-27 00:53:23,973 : INFO : Start of Load Model
2025-03-27 00:53:23,973 : INFO : Model File KMeans loaded
2025-03-27 00:53:23,973 : INFO : End of Load Model
2025-03-27 00:53:23,978 : INFO : clusters loop started
2025-03-27 00:53:23,979 : INFO : Start of finding correct model
2025-03-27 00:53:23,980 : INFO : End of finding correct model
2025-03-27 00:53:23,980 : INFO : Start of Load Model
2025-03-27 00:53:23,980 : INFO : Model File XGBoost2 loaded
2025-03-27 00:53:23,980 : INFO : End of Load Model
2025-03-27 00:53:23,987 : INFO : Shape of Data (1, 9)
2025-03-27 00:53:23,992 : INFO : Shape of Data None
2025-03-27 00:53:23,995 : INFO : Output : [0]
2025-03-27 00:53:23,995 : INFO : End of Prediction
